<?xml version="1.0" encoding="UTF-8"?>
<coverage generated="1724423038135" clover="3.2.0">
  <project timestamp="1724423038136" name="All files">
    <metrics statements="5" coveredstatements="2" conditionals="4" coveredconditionals="1" methods="1" coveredmethods="1" elements="10" coveredelements="4" complexity="0" loc="5" ncloc="5" packages="1" files="1" classes="1"/>
    <file name="statusPlayer.js" path="C:\Users\sasha\OneDrive\Рабочий стол\auto_tests\src\statusPlayer.js">
      <metrics statements="5" coveredstatements="2" conditionals="4" coveredconditionals="1" methods="1" coveredmethods="1"/>
      <line num="3" count="1" type="cond" truecount="1" falsecount="1"/>
      <line num="4" count="1" type="stmt"/>
      <line num="6" count="0" type="cond" truecount="0" falsecount="2"/>
      <line num="7" count="0" type="stmt"/>
      <line num="9" count="0" type="stmt"/>
    </file>
  </project>
</coverage>
