{"C:\\Users\\sasha\\OneDrive\\Рабочий стол\\auto_tests\\src\\statusPlayer.js": {"path":"C:\\Users\\sasha\\OneDrive\\Рабочий стол\\auto_tests\\src\\statusPlayer.js","statementMap":{"0":{"start":{"line":2,"column":8},"end":{"line":4,"column":9}},"1":{"start":{"line":3,"column":12},"end":{"line":3,"column":29}},"2":{"start":{"line":5,"column":8},"end":{"line":7,"column":9}},"3":{"start":{"line":6,"column":12},"end":{"line":6,"column":29}},"4":{"start":{"line":8,"column":12},"end":{"line":8,"column":29}}},"fnMap":{"0":{"name":"statusPlayer","decl":{"start":{"line":1,"column":24},"end":{"line":1,"column":36}},"loc":{"start":{"line":1,"column":53},"end":{"line":9,"column":1}},"line":1}},"branchMap":{"0":{"loc":{"start":{"line":2,"column":8},"end":{"line":4,"column":9}},"type":"if","locations":[{"start":{"line":2,"column":8},"end":{"line":4,"column":9}},{"start":{},"end":{}}],"line":2},"1":{"loc":{"start":{"line":5,"column":8},"end":{"line":7,"column":9}},"type":"if","locations":[{"start":{"line":5,"column":8},"end":{"line":7,"column":9}},{"start":{},"end":{}}],"line":5}},"s":{"0":5,"1":2,"2":3,"3":2,"4":1},"f":{"0":5},"b":{"0":[2,3],"1":[2,1]},"_coverageSchema":"1a1c01bbd47fc00a2c39e90264f33305004495a9","hash":"b1af12e8bf3e8b4870b2acac60cce9cf835d900d"}
}
